<?xml version="1.0" encoding="UTF-8"?>
<testng-results ignored="0" total="1" passed="1" failed="0" skipped="0">
  <reporter-output>
    <line>
      <![CDATA[---Data base connection Estabilishes---]]>
    </line>
    <line>
      <![CDATA[Browser got launch]]>
    </line>
    <line>
      <![CDATA[navigated to login page]]>
    </line>
    <line>
      <![CDATA[login sucessfullt]]>
    </line>
    <line>
      <![CDATA[logout sucsessfully]]>
    </line>
    <line>
      <![CDATA[Browser closed secssesfully]]>
    </line>
    <line>
      <![CDATA[browser close sucsessfully]]>
    </line>
    <line>
      <![CDATA[---database connection disconnected--]]>
    </line>
  </reporter-output>
  <suite started-at="2025-07-29T16:36:31 IST" name="Default suite" finished-at="2025-07-29T16:37:10 IST" duration-ms="38645">
    <groups>
    </groups>
    <test started-at="2025-07-29T16:36:31 IST" name="Default test" finished-at="2025-07-29T16:37:10 IST" duration-ms="38645">
      <class name="lead.LeadTest">
        <test-method is-config="true" signature="beforeSuiteConfig()[pri:0, instance:lead.LeadTest@587e5365]" started-at="2025-07-29T16:36:31 IST" name="beforeSuiteConfig" finished-at="2025-07-29T16:36:31 IST" duration-ms="18" status="PASS">
          <reporter-output>
            <line>
              <![CDATA[---Data base connection Estabilishes---]]>
            </line>
          </reporter-output>
        </test-method> <!-- beforeSuiteConfig -->
        <test-method is-config="true" signature="beforeClassConfig()[pri:0, instance:lead.LeadTest@587e5365]" started-at="2025-07-29T16:36:31 IST" name="beforeClassConfig" finished-at="2025-07-29T16:36:37 IST" duration-ms="5337" status="PASS">
          <reporter-output>
            <line>
              <![CDATA[Browser got launch]]>
            </line>
            <line>
              <![CDATA[navigated to login page]]>
            </line>
          </reporter-output>
        </test-method> <!-- beforeClassConfig -->
        <test-method is-config="true" signature="beforeMethodConfig()[pri:0, instance:lead.LeadTest@587e5365]" started-at="2025-07-29T16:36:37 IST" name="beforeMethodConfig" finished-at="2025-07-29T16:36:37 IST" duration-ms="359" status="PASS">
          <reporter-output>
            <line>
              <![CDATA[login sucessfullt]]>
            </line>
          </reporter-output>
        </test-method> <!-- beforeMethodConfig -->
        <test-method signature="leadTest_003()[pri:0, instance:lead.LeadTest@587e5365]" started-at="2025-07-29T16:36:37 IST" name="leadTest_003" finished-at="2025-07-29T16:37:05 IST" duration-ms="28114" status="PASS">
          <reporter-output>
          </reporter-output>
        </test-method> <!-- leadTest_003 -->
        <test-method is-config="true" signature="afterMethodConfig()[pri:0, instance:lead.LeadTest@587e5365]" started-at="2025-07-29T16:37:05 IST" name="afterMethodConfig" finished-at="2025-07-29T16:37:09 IST" duration-ms="4093" status="PASS">
          <reporter-output>
            <line>
              <![CDATA[logout sucsessfully]]>
            </line>
          </reporter-output>
        </test-method> <!-- afterMethodConfig -->
        <test-method is-config="true" signature="afterClass()[pri:0, instance:lead.LeadTest@587e5365]" started-at="2025-07-29T16:37:09 IST" name="afterClass" finished-at="2025-07-29T16:37:10 IST" duration-ms="672" status="PASS">
          <reporter-output>
            <line>
              <![CDATA[Browser closed secssesfully]]>
            </line>
            <line>
              <![CDATA[browser close sucsessfully]]>
            </line>
          </reporter-output>
        </test-method> <!-- afterClass -->
        <test-method is-config="true" signature="afterSuitConfig()[pri:0, instance:lead.LeadTest@587e5365]" started-at="2025-07-29T16:37:10 IST" name="afterSuitConfig" finished-at="2025-07-29T16:37:10 IST" duration-ms="2" status="PASS">
          <reporter-output>
            <line>
              <![CDATA[---database connection disconnected--]]>
            </line>
          </reporter-output>
        </test-method> <!-- afterSuitConfig -->
      </class> <!-- lead.LeadTest -->
    </test> <!-- Default test -->
  </suite> <!-- Default suite -->
</testng-results>
