<?xml version="1.0" encoding="UTF-8"?>
<!-- Generated by org.testng.reporters.JUnitReportReporter -->
<testsuite hostname="PRAWIN" failures="0" tests="1" name="calendar.CalenderTest" time="8.133" errors="0" timestamp="2025-08-01T13:42:36 IST" skipped="0">
  <testcase classname="calendar.CalenderTest" name="ToCreateCalender" time="8.133"/>
  <system-out>
    <![CDATA[---Data base connection Estabilishes---
Browser got launch
navigated to login page
login sucessfullt
logout sucsessfully
Browser closed secssesfully
browser close sucsessfully
---database connection disconnected--]]>
  </system-out>
</testsuite> <!-- calendar.CalenderTest -->
