<?xml version="1.0" encoding="UTF-8"?>
<!-- Generated by org.testng.reporters.JUnitReportReporter -->
<testsuite hostname="PRAWIN" failures="0" tests="1" name="lead.LeadTest" time="32.566" errors="0" timestamp="2025-07-29T16:37:10 IST" skipped="0">
  <testcase classname="lead.LeadTest" name="leadTest_003" time="32.566"/>
  <system-out>
    <![CDATA[---Data base connection Estabilishes---
Browser got launch
navigated to login page
login sucessfullt
logout sucsessfully
Browser closed secssesfully
browser close sucsessfully
---database connection disconnected--]]>
  </system-out>
</testsuite> <!-- lead.LeadTest -->
