<?xml version="1.0" encoding="UTF-8"?>
<!-- Generated by org.testng.reporters.JUnitReportReporter -->
<testsuite hostname="PRAWIN" failures="0" tests="1" name="CalenderCreate.ToCreateCalenderTest" time="9.103" errors="0" timestamp="2025-08-03T14:49:31 IST" skipped="0">
  <testcase classname="CalenderCreate.ToCreateCalenderTest" name="TocreateCalenderTest_001" time="9.103"/>
  <system-out>
    <![CDATA[---Data base connection Estabilishes---
Browser got launch
navigated to login page
login sucessfullt
logout sucsessfully
Browser closed secssesfully
browser close sucsessfully
---database connection disconnected--]]>
  </system-out>
</testsuite> <!-- CalenderCreate.ToCreateCalenderTest -->
