<?xml version="1.0" encoding="UTF-8"?>
<!-- Generated by org.testng.reporters.JUnitReportReporter -->
<testsuite hostname="PRAWIN" failures="0" tests="1" name="vTiger.ContactTests.toCreateContactTest" time="65.413" errors="0" timestamp="2025-08-01T13:34:01 IST" skipped="0">
  <testcase classname="vTiger.ContactTests.toCreateContactTest" name="toCreateContactTest_001" time="65.413">
    <system-out>
      <![CDATA[Navigated to contacts page
Naviaged to xreate contacts page
Naviagteted to contacts information page
[ CON9 ] Kumar - Contact Informationcreate contacts succesfully
[ CON9 ] Kumar - Contact Information failled to create contacts]]>
    </system-out>
  </testcase> <!-- toCreateContactTest_001 -->
  <system-out>
    <![CDATA[---Data base connection Estabilishes---
Browser got launch
navigated to login page
login sucessfullt
Navigated to contacts page
Naviaged to xreate contacts page
Naviagteted to contacts information page
[ CON9 ] Kumar - Contact Informationcreate contacts succesfully
[ CON9 ] Kumar - Contact Information failled to create contacts
logout sucsessfully
Browser closed secssesfully
browser close sucsessfully
Browser got launch
navigated to login page
login sucessfullt
logout sucsessfully
Browser closed secssesfully
browser close sucsessfully
---database connection disconnected--]]>
  </system-out>
</testsuite> <!-- vTiger.ContactTests.toCreateContactTest -->
